
New session started at: 2023-03-30T18:05:22+06:00
INFO: 2023/03/30 18:05:22 logging.go:44: Connecting to MongoDB...
INFO: 2023/03/30 18:05:22 logging.go:44: Successfully connected to MongoDB!
INFO: 2023/03/30 18:05:22 logging.go:44: Created index name_text

New session started at: 2023-03-30T18:07:31+06:00
INFO: 2023/03/30 18:07:31 logging.go:44: Connecting to MongoDB...
INFO: 2023/03/30 18:07:31 logging.go:44: Successfully connected to MongoDB!
INFO: 2023/03/30 18:07:31 logging.go:44: Created index name_text

New session started at: 2023-03-30T18:09:56+06:00
INFO: 2023/03/30 18:09:56 logging.go:44: Connecting to MongoDB...
INFO: 2023/03/30 18:09:56 logging.go:44: Successfully connected to MongoDB!
INFO: 2023/03/30 18:09:56 logging.go:44: Created index name_text

New session started at: 2023-03-30T18:11:51+06:00
INFO: 2023/03/30 18:11:51 logging.go:44: Connecting to MongoDB...
INFO: 2023/03/30 18:11:51 logging.go:44: Successfully connected to MongoDB!
INFO: 2023/03/30 18:11:51 logging.go:44: Created index name_text

New session started at: 2023-03-30T18:13:09+06:00
INFO: 2023/03/30 18:13:09 logging.go:44: Connecting to MongoDB...
INFO: 2023/03/30 18:13:09 logging.go:44: Successfully connected to MongoDB!
INFO: 2023/03/30 18:13:09 logging.go:44: Created index name_text
INFO: 2023/03/30 18:15:06 logging.go:44: Shutting down server...
INFO: 2023/03/30 18:15:07 logging.go:44: Running cleanning up tasks...

New session started at: 2023-03-30T18:15:16+06:00
INFO: 2023/03/30 18:15:16 logging.go:44: Connecting to MongoDB...
INFO: 2023/03/30 18:15:16 logging.go:44: Successfully connected to MongoDB!
INFO: 2023/03/30 18:15:16 logging.go:44: Created index name_text
INFO: 2023/03/30 18:17:54 logging.go:44: Shutting down server...
INFO: 2023/03/30 18:17:55 logging.go:44: Running cleanning up tasks...

New session started at: 2023-03-30T18:18:15+06:00
INFO: 2023/03/30 18:18:15 logging.go:44: Connecting to MongoDB...
INFO: 2023/03/30 18:18:15 logging.go:44: Successfully connected to MongoDB!
INFO: 2023/03/30 18:18:15 logging.go:44: Created index name_text
INFO: 2023/03/30 18:22:05 logging.go:44: Shutting down server...
INFO: 2023/03/30 18:22:06 logging.go:44: Running cleanning up tasks...

New session started at: 2023-03-30T18:22:11+06:00
INFO: 2023/03/30 18:22:11 logging.go:44: Connecting to MongoDB...
INFO: 2023/03/30 18:22:11 logging.go:44: Successfully connected to MongoDB!
INFO: 2023/03/30 18:22:11 logging.go:44: Created index name_text
INFO: 2023/03/30 18:23:04 logging.go:44: Shutting down server...
INFO: 2023/03/30 18:23:06 logging.go:44: Running cleanning up tasks...

New session started at: 2023-03-30T18:23:16+06:00
INFO: 2023/03/30 18:23:16 logging.go:44: Connecting to MongoDB...
INFO: 2023/03/30 18:23:16 logging.go:44: Successfully connected to MongoDB!
INFO: 2023/03/30 18:23:16 logging.go:44: Created index name_text
INFO: 2023/03/30 18:24:46 logging.go:44: Shutting down server...
INFO: 2023/03/30 18:24:47 logging.go:44: Running cleanning up tasks...

New session started at: 2023-03-30T18:25:05+06:00
INFO: 2023/03/30 18:25:05 logging.go:44: Connecting to MongoDB...
INFO: 2023/03/30 18:25:05 logging.go:44: Successfully connected to MongoDB!
INFO: 2023/03/30 18:25:05 logging.go:44: Created index name_text
INFO: 2023/03/30 18:27:03 logging.go:44: Shutting down server...
INFO: 2023/03/30 18:27:04 logging.go:44: Running cleanning up tasks...

New session started at: 2023-03-30T18:27:07+06:00
INFO: 2023/03/30 18:27:07 logging.go:44: Connecting to MongoDB...
INFO: 2023/03/30 18:27:07 logging.go:44: Successfully connected to MongoDB!
INFO: 2023/03/30 18:27:07 logging.go:44: Created index name_text
INFO: 2023/03/30 18:28:50 logging.go:44: Shutting down server...
INFO: 2023/03/30 18:28:51 logging.go:44: Running cleanning up tasks...

New session started at: 2023-03-30T18:28:54+06:00
INFO: 2023/03/30 18:28:54 logging.go:44: Connecting to MongoDB...
INFO: 2023/03/30 18:28:54 logging.go:44: Successfully connected to MongoDB!
INFO: 2023/03/30 18:28:54 logging.go:44: Created index name_text
INFO: 2023/03/30 18:31:46 logging.go:44: Shutting down server...
INFO: 2023/03/30 18:31:47 logging.go:44: Running cleanning up tasks...

New session started at: 2023-03-30T18:31:51+06:00
INFO: 2023/03/30 18:31:51 logging.go:44: Connecting to MongoDB...
INFO: 2023/03/30 18:31:51 logging.go:44: Successfully connected to MongoDB!
INFO: 2023/03/30 18:31:51 logging.go:44: Created index name_text
INFO: 2023/03/30 18:31:52 logging.go:44: Shutting down server...
INFO: 2023/03/30 18:31:53 logging.go:44: Running cleanning up tasks...

New session started at: 2023-03-30T18:31:59+06:00
INFO: 2023/03/30 18:31:59 logging.go:44: Connecting to MongoDB...
INFO: 2023/03/30 18:31:59 logging.go:44: Successfully connected to MongoDB!
INFO: 2023/03/30 18:31:59 logging.go:44: Created index name_text
INFO: 2023/03/30 18:34:29 logging.go:44: Shutting down server...
INFO: 2023/03/30 18:34:30 logging.go:44: Running cleanning up tasks...

New session started at: 2023-03-30T18:38:30+06:00
INFO: 2023/03/30 18:38:30 logging.go:44: Connecting to MongoDB...
INFO: 2023/03/30 18:38:30 logging.go:44: Successfully connected to MongoDB!
INFO: 2023/03/30 18:38:30 logging.go:44: Created index name_text
INFO: 2023/03/30 18:38:30 logging.go:44: Shutting down server...
INFO: 2023/03/30 18:38:31 logging.go:44: Running cleanning up tasks...

New session started at: 2023-03-30T18:38:36+06:00
INFO: 2023/03/30 18:38:36 logging.go:44: Connecting to MongoDB...
INFO: 2023/03/30 18:38:36 logging.go:44: Successfully connected to MongoDB!
INFO: 2023/03/30 18:38:36 logging.go:44: Created index name_text
INFO: 2023/03/30 19:14:38 logging.go:44: Shutting down server...
INFO: 2023/03/30 19:14:39 logging.go:44: Running cleanning up tasks...

New session started at: 2023-03-30T19:14:43+06:00
INFO: 2023/03/30 19:14:43 logging.go:44: Connecting to MongoDB...
INFO: 2023/03/30 19:14:43 logging.go:44: Successfully connected to MongoDB!
INFO: 2023/03/30 19:14:43 logging.go:44: Created index name_text

New session started at: 2023-03-30T19:18:36+06:00
INFO: 2023/03/30 19:18:36 logging.go:44: Connecting to MongoDB...
INFO: 2023/03/30 19:18:36 logging.go:44: Successfully connected to MongoDB!
INFO: 2023/03/30 19:18:36 logging.go:44: Created index name_text
INFO: 2023/03/30 19:18:37 logging.go:44: Shutting down server...
INFO: 2023/03/30 19:18:38 logging.go:44: Running cleanning up tasks...

New session started at: 2023-03-30T19:18:44+06:00
INFO: 2023/03/30 19:18:44 logging.go:44: Connecting to MongoDB...
INFO: 2023/03/30 19:18:44 logging.go:44: Successfully connected to MongoDB!
INFO: 2023/03/30 19:18:44 logging.go:44: Created index name_text

New session started at: 2023-03-30T19:20:30+06:00
INFO: 2023/03/30 19:20:30 logging.go:44: Connecting to MongoDB...
INFO: 2023/03/30 19:20:30 logging.go:44: Successfully connected to MongoDB!
INFO: 2023/03/30 19:20:30 logging.go:44: Created index name_text
INFO: 2023/03/30 19:20:31 logging.go:44: Shutting down server...
INFO: 2023/03/30 19:20:32 logging.go:44: Running cleanning up tasks...

New session started at: 2023-03-30T19:20:36+06:00
INFO: 2023/03/30 19:20:36 logging.go:44: Connecting to MongoDB...
INFO: 2023/03/30 19:20:36 logging.go:44: Successfully connected to MongoDB!
INFO: 2023/03/30 19:20:36 logging.go:44: Created index name_text
INFO: 2023/03/30 19:22:01 logging.go:44: Shutting down server...
INFO: 2023/03/30 19:22:02 logging.go:44: Running cleanning up tasks...

New session started at: 2023-03-30T19:22:35+06:00
INFO: 2023/03/30 19:22:35 logging.go:44: Connecting to MongoDB...
INFO: 2023/03/30 19:22:35 logging.go:44: Successfully connected to MongoDB!
INFO: 2023/03/30 19:22:35 logging.go:44: Created index name_text
INFO: 2023/03/30 19:22:51 logging.go:44: Shutting down server...
INFO: 2023/03/30 19:22:53 logging.go:44: Running cleanning up tasks...

New session started at: 2023-03-30T19:26:40+06:00
INFO: 2023/03/30 19:26:40 logging.go:44: Connecting to MongoDB...
INFO: 2023/03/30 19:26:40 logging.go:44: Successfully connected to MongoDB!
INFO: 2023/03/30 19:26:40 logging.go:44: Created index name_text
INFO: 2023/03/30 19:26:46 logging.go:44: Shutting down server...
INFO: 2023/03/30 19:26:48 logging.go:44: Running cleanning up tasks...

New session started at: 2023-03-30T19:26:53+06:00
INFO: 2023/03/30 19:26:53 logging.go:44: Connecting to MongoDB...
INFO: 2023/03/30 19:26:53 logging.go:44: Successfully connected to MongoDB!
INFO: 2023/03/30 19:26:53 logging.go:44: Created index name_text
INFO: 2023/03/30 19:27:34 logging.go:44: Shutting down server...
INFO: 2023/03/30 19:27:36 logging.go:44: Running cleanning up tasks...

New session started at: 2023-03-30T20:38:11+06:00
INFO: 2023/03/30 20:38:11 logging.go:44: Connecting to MongoDB...
INFO: 2023/03/30 20:38:13 logging.go:44: Successfully connected to MongoDB!
INFO: 2023/03/30 20:38:14 logging.go:44: Created index name_text
INFO: 2023/03/30 21:44:28 logging.go:44: Shutting down server...
INFO: 2023/03/30 21:44:29 logging.go:44: Running cleanning up tasks...

New session started at: 2023-03-30T21:44:35+06:00
INFO: 2023/03/30 21:44:35 logging.go:44: Connecting to MongoDB...
INFO: 2023/03/30 21:44:37 logging.go:44: Successfully connected to MongoDB!
INFO: 2023/03/30 21:44:38 logging.go:44: Created index name_text
INFO: 2023/03/30 21:51:13 logging.go:44: Shutting down server...
INFO: 2023/03/30 21:51:15 logging.go:44: Running cleanning up tasks...

New session started at: 2023-03-30T21:52:40+06:00
INFO: 2023/03/30 21:52:40 logging.go:44: Connecting to MongoDB...
INFO: 2023/03/30 21:52:42 logging.go:44: Successfully connected to MongoDB!
INFO: 2023/03/30 21:52:43 logging.go:44: Created index name_text
INFO: 2023/03/30 21:55:46 logging.go:44: Shutting down server...
INFO: 2023/03/30 21:55:48 logging.go:44: Running cleanning up tasks...
