
New session started at: 2023-03-30T18:05:22+06:00
WARNING: 2023/03/30 18:05:22 logging.go:48: Collection news already exists
WARNING: 2023/03/30 18:05:22 logging.go:48: Collection products already exists
WARNING: 2023/03/30 18:05:22 logging.go:48: Collection service_masters already exists
WARNING: 2023/03/30 18:05:22 logging.go:48: Collection wiki already exists
WARNING: 2023/03/30 18:05:22 logging.go:48: Collection users already exists
WARNING: 2023/03/30 18:05:22 logging.go:48: Collection purchase_history already exists

New session started at: 2023-03-30T18:07:31+06:00
WARNING: 2023/03/30 18:07:31 logging.go:48: Collection wiki already exists
WARNING: 2023/03/30 18:07:31 logging.go:48: Collection service_masters already exists
WARNING: 2023/03/30 18:07:31 logging.go:48: Collection products already exists
WARNING: 2023/03/30 18:07:31 logging.go:48: Collection news already exists
WARNING: 2023/03/30 18:07:31 logging.go:48: Collection users already exists
WARNING: 2023/03/30 18:07:31 logging.go:48: Collection purchase_history already exists

New session started at: 2023-03-30T18:09:56+06:00
WARNING: 2023/03/30 18:09:56 logging.go:48: Collection wiki already exists
WARNING: 2023/03/30 18:09:56 logging.go:48: Collection news already exists
WARNING: 2023/03/30 18:09:56 logging.go:48: Collection users already exists
WARNING: 2023/03/30 18:09:56 logging.go:48: Collection products already exists
WARNING: 2023/03/30 18:09:56 logging.go:48: Collection service_masters already exists
WARNING: 2023/03/30 18:09:56 logging.go:48: Collection purchase_history already exists

New session started at: 2023-03-30T18:11:51+06:00
WARNING: 2023/03/30 18:11:51 logging.go:48: Collection wiki already exists
WARNING: 2023/03/30 18:11:51 logging.go:48: Collection news already exists
WARNING: 2023/03/30 18:11:51 logging.go:48: Collection service_masters already exists
WARNING: 2023/03/30 18:11:51 logging.go:48: Collection products already exists
WARNING: 2023/03/30 18:11:51 logging.go:48: Collection users already exists
WARNING: 2023/03/30 18:11:51 logging.go:48: Collection purchase_history already exists

New session started at: 2023-03-30T18:13:09+06:00
WARNING: 2023/03/30 18:13:09 logging.go:48: Collection products already exists
WARNING: 2023/03/30 18:13:09 logging.go:48: Collection users already exists
WARNING: 2023/03/30 18:13:09 logging.go:48: Collection news already exists
WARNING: 2023/03/30 18:13:09 logging.go:48: Collection service_masters already exists
WARNING: 2023/03/30 18:13:09 logging.go:48: Collection wiki already exists
WARNING: 2023/03/30 18:13:09 logging.go:48: Collection purchase_history already exists

New session started at: 2023-03-30T18:15:16+06:00
WARNING: 2023/03/30 18:15:16 logging.go:48: Collection users already exists
WARNING: 2023/03/30 18:15:16 logging.go:48: Collection wiki already exists
WARNING: 2023/03/30 18:15:16 logging.go:48: Collection service_masters already exists
WARNING: 2023/03/30 18:15:16 logging.go:48: Collection purchase_history already exists
WARNING: 2023/03/30 18:15:16 logging.go:48: Collection products already exists
WARNING: 2023/03/30 18:15:16 logging.go:48: Collection news already exists

New session started at: 2023-03-30T18:18:15+06:00
WARNING: 2023/03/30 18:18:15 logging.go:48: Collection products already exists
WARNING: 2023/03/30 18:18:15 logging.go:48: Collection wiki already exists
WARNING: 2023/03/30 18:18:15 logging.go:48: Collection service_masters already exists
WARNING: 2023/03/30 18:18:15 logging.go:48: Collection purchase_history already exists
WARNING: 2023/03/30 18:18:15 logging.go:48: Collection news already exists
WARNING: 2023/03/30 18:18:15 logging.go:48: Collection users already exists

New session started at: 2023-03-30T18:22:11+06:00
WARNING: 2023/03/30 18:22:11 logging.go:48: Collection users already exists
WARNING: 2023/03/30 18:22:11 logging.go:48: Collection products already exists
WARNING: 2023/03/30 18:22:11 logging.go:48: Collection news already exists
WARNING: 2023/03/30 18:22:11 logging.go:48: Collection service_masters already exists
WARNING: 2023/03/30 18:22:11 logging.go:48: Collection wiki already exists
WARNING: 2023/03/30 18:22:11 logging.go:48: Collection purchase_history already exists

New session started at: 2023-03-30T18:23:16+06:00
WARNING: 2023/03/30 18:23:16 logging.go:48: Collection products already exists
WARNING: 2023/03/30 18:23:16 logging.go:48: Collection news already exists
WARNING: 2023/03/30 18:23:16 logging.go:48: Collection wiki already exists
WARNING: 2023/03/30 18:23:16 logging.go:48: Collection users already exists
WARNING: 2023/03/30 18:23:16 logging.go:48: Collection service_masters already exists
WARNING: 2023/03/30 18:23:16 logging.go:48: Collection purchase_history already exists

New session started at: 2023-03-30T18:25:05+06:00
WARNING: 2023/03/30 18:25:05 logging.go:48: Collection service_masters already exists
WARNING: 2023/03/30 18:25:05 logging.go:48: Collection wiki already exists
WARNING: 2023/03/30 18:25:05 logging.go:48: Collection products already exists
WARNING: 2023/03/30 18:25:05 logging.go:48: Collection purchase_history already exists
WARNING: 2023/03/30 18:25:05 logging.go:48: Collection users already exists
WARNING: 2023/03/30 18:25:05 logging.go:48: Collection news already exists

New session started at: 2023-03-30T18:27:07+06:00
WARNING: 2023/03/30 18:27:07 logging.go:48: Collection users already exists
WARNING: 2023/03/30 18:27:07 logging.go:48: Collection news already exists
WARNING: 2023/03/30 18:27:07 logging.go:48: Collection wiki already exists
WARNING: 2023/03/30 18:27:07 logging.go:48: Collection purchase_history already exists
WARNING: 2023/03/30 18:27:07 logging.go:48: Collection products already exists
WARNING: 2023/03/30 18:27:07 logging.go:48: Collection service_masters already exists

New session started at: 2023-03-30T18:28:54+06:00
WARNING: 2023/03/30 18:28:54 logging.go:48: Collection wiki already exists
WARNING: 2023/03/30 18:28:54 logging.go:48: Collection news already exists
WARNING: 2023/03/30 18:28:54 logging.go:48: Collection purchase_history already exists
WARNING: 2023/03/30 18:28:54 logging.go:48: Collection users already exists
WARNING: 2023/03/30 18:28:54 logging.go:48: Collection service_masters already exists
WARNING: 2023/03/30 18:28:54 logging.go:48: Collection products already exists

New session started at: 2023-03-30T18:31:51+06:00
WARNING: 2023/03/30 18:31:51 logging.go:48: Collection users already exists
WARNING: 2023/03/30 18:31:51 logging.go:48: Collection products already exists
WARNING: 2023/03/30 18:31:51 logging.go:48: Collection service_masters already exists
WARNING: 2023/03/30 18:31:51 logging.go:48: Collection wiki already exists
WARNING: 2023/03/30 18:31:51 logging.go:48: Collection news already exists
WARNING: 2023/03/30 18:31:51 logging.go:48: Collection purchase_history already exists

New session started at: 2023-03-30T18:31:59+06:00
WARNING: 2023/03/30 18:31:59 logging.go:48: Collection news already exists
WARNING: 2023/03/30 18:31:59 logging.go:48: Collection users already exists
WARNING: 2023/03/30 18:31:59 logging.go:48: Collection wiki already exists
WARNING: 2023/03/30 18:31:59 logging.go:48: Collection purchase_history already exists
WARNING: 2023/03/30 18:31:59 logging.go:48: Collection products already exists
WARNING: 2023/03/30 18:31:59 logging.go:48: Collection service_masters already exists

New session started at: 2023-03-30T18:38:30+06:00
WARNING: 2023/03/30 18:38:30 logging.go:48: Collection news already exists
WARNING: 2023/03/30 18:38:30 logging.go:48: Collection wiki already exists
WARNING: 2023/03/30 18:38:30 logging.go:48: Collection users already exists
WARNING: 2023/03/30 18:38:30 logging.go:48: Collection service_masters already exists
WARNING: 2023/03/30 18:38:30 logging.go:48: Collection products already exists
WARNING: 2023/03/30 18:38:30 logging.go:48: Collection purchase_history already exists

New session started at: 2023-03-30T18:38:36+06:00
WARNING: 2023/03/30 18:38:36 logging.go:48: Collection news already exists
WARNING: 2023/03/30 18:38:36 logging.go:48: Collection wiki already exists
WARNING: 2023/03/30 18:38:36 logging.go:48: Collection products already exists
WARNING: 2023/03/30 18:38:36 logging.go:48: Collection users already exists
WARNING: 2023/03/30 18:38:36 logging.go:48: Collection purchase_history already exists
WARNING: 2023/03/30 18:38:36 logging.go:48: Collection service_masters already exists

New session started at: 2023-03-30T19:14:43+06:00
WARNING: 2023/03/30 19:14:43 logging.go:48: Collection news already exists
WARNING: 2023/03/30 19:14:43 logging.go:48: Collection products already exists
WARNING: 2023/03/30 19:14:43 logging.go:48: Collection users already exists
WARNING: 2023/03/30 19:14:43 logging.go:48: Collection wiki already exists
WARNING: 2023/03/30 19:14:43 logging.go:48: Collection purchase_history already exists
WARNING: 2023/03/30 19:14:43 logging.go:48: Collection service_masters already exists

New session started at: 2023-03-30T19:18:36+06:00
WARNING: 2023/03/30 19:18:36 logging.go:48: Collection users already exists
WARNING: 2023/03/30 19:18:36 logging.go:48: Collection products already exists
WARNING: 2023/03/30 19:18:36 logging.go:48: Collection purchase_history already exists
WARNING: 2023/03/30 19:18:36 logging.go:48: Collection news already exists
WARNING: 2023/03/30 19:18:36 logging.go:48: Collection wiki already exists
WARNING: 2023/03/30 19:18:36 logging.go:48: Collection service_masters already exists

New session started at: 2023-03-30T19:18:44+06:00
WARNING: 2023/03/30 19:18:44 logging.go:48: Collection wiki already exists
WARNING: 2023/03/30 19:18:44 logging.go:48: Collection users already exists
WARNING: 2023/03/30 19:18:44 logging.go:48: Collection news already exists
WARNING: 2023/03/30 19:18:44 logging.go:48: Collection service_masters already exists
WARNING: 2023/03/30 19:18:44 logging.go:48: Collection purchase_history already exists
WARNING: 2023/03/30 19:18:44 logging.go:48: Collection products already exists

New session started at: 2023-03-30T19:20:30+06:00
WARNING: 2023/03/30 19:20:30 logging.go:48: Collection news already exists
WARNING: 2023/03/30 19:20:30 logging.go:48: Collection users already exists
WARNING: 2023/03/30 19:20:30 logging.go:48: Collection service_masters already exists
WARNING: 2023/03/30 19:20:30 logging.go:48: Collection products already exists
WARNING: 2023/03/30 19:20:30 logging.go:48: Collection wiki already exists
WARNING: 2023/03/30 19:20:30 logging.go:48: Collection purchase_history already exists

New session started at: 2023-03-30T19:20:36+06:00
WARNING: 2023/03/30 19:20:36 logging.go:48: Collection news already exists
WARNING: 2023/03/30 19:20:36 logging.go:48: Collection products already exists
WARNING: 2023/03/30 19:20:36 logging.go:48: Collection wiki already exists
WARNING: 2023/03/30 19:20:36 logging.go:48: Collection users already exists
WARNING: 2023/03/30 19:20:36 logging.go:48: Collection service_masters already exists
WARNING: 2023/03/30 19:20:36 logging.go:48: Collection purchase_history already exists

New session started at: 2023-03-30T19:22:35+06:00
WARNING: 2023/03/30 19:22:35 logging.go:48: Collection users already exists
WARNING: 2023/03/30 19:22:35 logging.go:48: Collection service_masters already exists
WARNING: 2023/03/30 19:22:35 logging.go:48: Collection purchase_history already exists
WARNING: 2023/03/30 19:22:35 logging.go:48: Collection news already exists
WARNING: 2023/03/30 19:22:35 logging.go:48: Collection products already exists
WARNING: 2023/03/30 19:22:35 logging.go:48: Collection wiki already exists

New session started at: 2023-03-30T19:26:40+06:00
WARNING: 2023/03/30 19:26:40 logging.go:48: Collection purchase_history already exists
WARNING: 2023/03/30 19:26:40 logging.go:48: Collection news already exists
WARNING: 2023/03/30 19:26:40 logging.go:48: Collection service_masters already exists
WARNING: 2023/03/30 19:26:40 logging.go:48: Collection products already exists
WARNING: 2023/03/30 19:26:40 logging.go:48: Collection wiki already exists
WARNING: 2023/03/30 19:26:40 logging.go:48: Collection users already exists

New session started at: 2023-03-30T19:26:53+06:00
WARNING: 2023/03/30 19:26:53 logging.go:48: Collection products already exists
WARNING: 2023/03/30 19:26:53 logging.go:48: Collection wiki already exists
WARNING: 2023/03/30 19:26:53 logging.go:48: Collection service_masters already exists
WARNING: 2023/03/30 19:26:53 logging.go:48: Collection news already exists
WARNING: 2023/03/30 19:26:53 logging.go:48: Collection users already exists
WARNING: 2023/03/30 19:26:53 logging.go:48: Collection purchase_history already exists

New session started at: 2023-03-30T20:38:11+06:00
WARNING: 2023/03/30 20:38:13 logging.go:48: Collection news already exists
WARNING: 2023/03/30 20:38:13 logging.go:48: Collection wiki already exists
WARNING: 2023/03/30 20:38:13 logging.go:48: Collection products already exists
WARNING: 2023/03/30 20:38:13 logging.go:48: Collection service_masters already exists
WARNING: 2023/03/30 20:38:13 logging.go:48: Collection users already exists
WARNING: 2023/03/30 20:38:13 logging.go:48: Collection purchase_history already exists

New session started at: 2023-03-30T21:44:35+06:00
WARNING: 2023/03/30 21:44:38 logging.go:48: Collection service_masters already exists
WARNING: 2023/03/30 21:44:38 logging.go:48: Collection purchase_history already exists
WARNING: 2023/03/30 21:44:38 logging.go:48: Collection users already exists
WARNING: 2023/03/30 21:44:38 logging.go:48: Collection products already exists
WARNING: 2023/03/30 21:44:38 logging.go:48: Collection wiki already exists

New session started at: 2023-03-30T21:52:40+06:00
WARNING: 2023/03/30 21:52:42 logging.go:48: Collection products already exists
WARNING: 2023/03/30 21:52:42 logging.go:48: Collection users already exists
WARNING: 2023/03/30 21:52:43 logging.go:48: Collection wiki already exists
WARNING: 2023/03/30 21:52:43 logging.go:48: Collection service_masters already exists
WARNING: 2023/03/30 21:52:43 logging.go:48: Collection purchase_history already exists

New session started at: 2023-03-31T07:49:04+06:00
WARNING: 2023/03/31 07:49:06 logging.go:48: Collection users already exists
WARNING: 2023/03/31 07:49:06 logging.go:48: Collection products already exists
WARNING: 2023/03/31 07:49:06 logging.go:48: Collection news already exists
WARNING: 2023/03/31 07:49:06 logging.go:48: Collection wiki already exists
WARNING: 2023/03/31 07:49:06 logging.go:48: Collection service_masters already exists
WARNING: 2023/03/31 07:49:07 logging.go:48: Collection purchase_history already exists

New session started at: 2023-03-31T07:52:38+06:00
WARNING: 2023/03/31 07:52:40 logging.go:48: Collection wiki already exists
WARNING: 2023/03/31 07:52:40 logging.go:48: Collection service_masters already exists
WARNING: 2023/03/31 07:52:40 logging.go:48: Collection purchase_history already exists
WARNING: 2023/03/31 07:52:40 logging.go:48: Collection news already exists
WARNING: 2023/03/31 07:52:40 logging.go:48: Collection users already exists
WARNING: 2023/03/31 07:52:40 logging.go:48: Collection products already exists

New session started at: 2023-03-31T07:55:17+06:00
WARNING: 2023/03/31 07:55:19 logging.go:48: Collection wiki already exists
WARNING: 2023/03/31 07:55:19 logging.go:48: Collection news already exists
WARNING: 2023/03/31 07:55:19 logging.go:48: Collection users already exists
WARNING: 2023/03/31 07:55:19 logging.go:48: Collection service_masters already exists
WARNING: 2023/03/31 07:55:19 logging.go:48: Collection purchase_history already exists
WARNING: 2023/03/31 07:55:19 logging.go:48: Collection products already exists

New session started at: 2023-03-31T07:56:40+06:00
WARNING: 2023/03/31 07:56:42 logging.go:48: Collection products already exists
WARNING: 2023/03/31 07:56:42 logging.go:48: Collection wiki already exists
WARNING: 2023/03/31 07:56:42 logging.go:48: Collection users already exists
WARNING: 2023/03/31 07:56:42 logging.go:48: Collection news already exists
WARNING: 2023/03/31 07:56:42 logging.go:48: Collection service_masters already exists
WARNING: 2023/03/31 07:56:43 logging.go:48: Collection purchase_history already exists

New session started at: 2023-03-31T07:59:06+06:00
WARNING: 2023/03/31 07:59:08 logging.go:48: Collection products already exists
WARNING: 2023/03/31 07:59:08 logging.go:48: Collection users already exists
WARNING: 2023/03/31 07:59:08 logging.go:48: Collection wiki already exists
WARNING: 2023/03/31 07:59:08 logging.go:48: Collection news already exists
WARNING: 2023/03/31 07:59:08 logging.go:48: Collection service_masters already exists
WARNING: 2023/03/31 07:59:08 logging.go:48: Collection purchase_history already exists

New session started at: 2023-03-31T08:15:20+06:00
WARNING: 2023/03/31 08:15:21 logging.go:48: Collection products already exists
WARNING: 2023/03/31 08:15:21 logging.go:48: Collection service_masters already exists
WARNING: 2023/03/31 08:15:21 logging.go:48: Collection purchase_history already exists
WARNING: 2023/03/31 08:15:21 logging.go:48: Collection wiki already exists
WARNING: 2023/03/31 08:15:22 logging.go:48: Collection news already exists
WARNING: 2023/03/31 08:15:22 logging.go:48: Collection users already exists

New session started at: 2023-03-31T08:20:09+06:00
WARNING: 2023/03/31 08:20:11 logging.go:48: Collection news already exists
WARNING: 2023/03/31 08:20:11 logging.go:48: Collection users already exists
WARNING: 2023/03/31 08:20:11 logging.go:48: Collection products already exists
WARNING: 2023/03/31 08:20:11 logging.go:48: Collection wiki already exists
WARNING: 2023/03/31 08:20:11 logging.go:48: Collection service_masters already exists
WARNING: 2023/03/31 08:20:11 logging.go:48: Collection purchase_history already exists

New session started at: 2023-03-31T08:21:26+06:00
WARNING: 2023/03/31 08:21:28 logging.go:48: Collection news already exists
WARNING: 2023/03/31 08:21:28 logging.go:48: Collection products already exists
WARNING: 2023/03/31 08:21:28 logging.go:48: Collection wiki already exists
WARNING: 2023/03/31 08:21:28 logging.go:48: Collection service_masters already exists
WARNING: 2023/03/31 08:21:28 logging.go:48: Collection users already exists
WARNING: 2023/03/31 08:21:28 logging.go:48: Collection purchase_history already exists

New session started at: 2023-03-31T08:23:31+06:00
WARNING: 2023/03/31 08:23:33 logging.go:48: Collection products already exists
WARNING: 2023/03/31 08:23:33 logging.go:48: Collection wiki already exists
WARNING: 2023/03/31 08:23:33 logging.go:48: Collection service_masters already exists
WARNING: 2023/03/31 08:23:33 logging.go:48: Collection purchase_history already exists
WARNING: 2023/03/31 08:23:33 logging.go:48: Collection news already exists
WARNING: 2023/03/31 08:23:33 logging.go:48: Collection users already exists

New session started at: 2023-03-31T08:39:13+06:00
WARNING: 2023/03/31 08:39:15 logging.go:48: Collection news already exists
WARNING: 2023/03/31 08:39:15 logging.go:48: Collection users already exists
WARNING: 2023/03/31 08:39:15 logging.go:48: Collection service_masters already exists
WARNING: 2023/03/31 08:39:15 logging.go:48: Collection products already exists
WARNING: 2023/03/31 08:39:15 logging.go:48: Collection purchase_history already exists
WARNING: 2023/03/31 08:39:15 logging.go:48: Collection wiki already exists

New session started at: 2023-03-31T08:39:27+06:00
WARNING: 2023/03/31 08:39:29 logging.go:48: Collection products already exists
WARNING: 2023/03/31 08:39:29 logging.go:48: Collection news already exists
WARNING: 2023/03/31 08:39:29 logging.go:48: Collection wiki already exists
WARNING: 2023/03/31 08:39:29 logging.go:48: Collection users already exists
WARNING: 2023/03/31 08:39:29 logging.go:48: Collection purchase_history already exists
WARNING: 2023/03/31 08:39:29 logging.go:48: Collection service_masters already exists

New session started at: 2023-03-31T08:51:42+06:00
WARNING: 2023/03/31 08:51:44 logging.go:48: Collection news already exists
WARNING: 2023/03/31 08:51:44 logging.go:48: Collection wiki already exists
WARNING: 2023/03/31 08:51:44 logging.go:48: Collection service_masters already exists
WARNING: 2023/03/31 08:51:45 logging.go:48: Collection users already exists
WARNING: 2023/03/31 08:51:45 logging.go:48: Collection purchase_history already exists
WARNING: 2023/03/31 08:51:45 logging.go:48: Collection products already exists

New session started at: 2023-03-31T09:02:01+06:00
WARNING: 2023/03/31 09:02:03 logging.go:48: Collection users already exists
WARNING: 2023/03/31 09:02:03 logging.go:48: Collection products already exists
WARNING: 2023/03/31 09:02:03 logging.go:48: Collection wiki already exists
WARNING: 2023/03/31 09:02:03 logging.go:48: Collection news already exists
WARNING: 2023/03/31 09:02:03 logging.go:48: Collection service_masters already exists
WARNING: 2023/03/31 09:02:03 logging.go:48: Collection purchase_history already exists

New session started at: 2023-03-31T09:28:32+06:00
WARNING: 2023/03/31 09:28:34 logging.go:48: Collection products already exists
WARNING: 2023/03/31 09:28:34 logging.go:48: Collection users already exists
WARNING: 2023/03/31 09:28:34 logging.go:48: Collection wiki already exists
WARNING: 2023/03/31 09:28:34 logging.go:48: Collection service_masters already exists
WARNING: 2023/03/31 09:28:34 logging.go:48: Collection news already exists
WARNING: 2023/03/31 09:28:34 logging.go:48: Collection purchase_history already exists

New session started at: 2023-03-31T09:28:52+06:00
WARNING: 2023/03/31 09:28:53 logging.go:48: Collection products already exists
WARNING: 2023/03/31 09:28:53 logging.go:48: Collection users already exists
WARNING: 2023/03/31 09:28:53 logging.go:48: Collection wiki already exists
WARNING: 2023/03/31 09:28:53 logging.go:48: Collection news already exists
WARNING: 2023/03/31 09:28:53 logging.go:48: Collection service_masters already exists
WARNING: 2023/03/31 09:28:53 logging.go:48: Collection purchase_history already exists

New session started at: 2023-03-31T09:58:09+06:00
WARNING: 2023/03/31 09:58:10 logging.go:48: Collection products already exists
WARNING: 2023/03/31 09:58:10 logging.go:48: Collection users already exists
WARNING: 2023/03/31 09:58:10 logging.go:48: Collection news already exists
WARNING: 2023/03/31 09:58:10 logging.go:48: Collection wiki already exists
WARNING: 2023/03/31 09:58:11 logging.go:48: Collection service_masters already exists
WARNING: 2023/03/31 09:58:11 logging.go:48: Collection purchase_history already exists
